2024-12-20 13:58:12-664 [main] INFO  com.capricorn.summer.SummerApplication - Starting SummerApplication using Java 1.8.0_321 on DESKTOP-OUL2O71 with PID 6272 (D:\summer-parent\summer\target\classes started by Lenovo in D:\summer-parent)
2024-12-20 13:58:12-667 [main] INFO  com.capricorn.summer.SummerApplication - The following 2 profiles are active: "mail", "fund"
2024-12-20 13:58:13-520 [main] INFO  o.s.d.r.config.RepositoryConfigurationDelegate - Multiple Spring Data modules found, entering strict repository configuration mode
2024-12-20 13:58:13-522 [main] INFO  o.s.d.r.config.RepositoryConfigurationDelegate - Bootstrapping Spring Data Redis repositories in DEFAULT mode.
2024-12-20 13:58:13-537 [main] INFO  o.s.d.r.config.RepositoryConfigurationDelegate - Finished Spring Data repository scanning in 4 ms. Found 0 Redis repository interfaces.
2024-12-20 13:58:13-761 [main] INFO  o.s.c.s.PostProcessorRegistrationDelegate$BeanPostProcessorChecker - Bean 'spring.datasource.dynamic-com.baomidou.dynamic.datasource.spring.boot.autoconfigure.DynamicDataSourceProperties' of type [com.baomidou.dynamic.datasource.spring.boot.autoconfigure.DynamicDataSourceProperties] is not eligible for getting processed by all BeanPostProcessors (for example: not eligible for auto-proxying)
2024-12-20 13:58:13-764 [main] INFO  o.s.c.s.PostProcessorRegistrationDelegate$BeanPostProcessorChecker - Bean 'com.baomidou.dynamic.datasource.spring.boot.autoconfigure.DynamicDataSourceAutoConfiguration' of type [com.baomidou.dynamic.datasource.spring.boot.autoconfigure.DynamicDataSourceAutoConfiguration$$EnhancerBySpringCGLIB$$285b476e] is not eligible for getting processed by all BeanPostProcessors (for example: not eligible for auto-proxying)
2024-12-20 13:58:13-776 [main] INFO  o.s.c.s.PostProcessorRegistrationDelegate$BeanPostProcessorChecker - Bean 'dsProcessor' of type [com.baomidou.dynamic.datasource.processor.DsHeaderProcessor] is not eligible for getting processed by all BeanPostProcessors (for example: not eligible for auto-proxying)
2024-12-20 13:58:13-947 [main] INFO  o.s.boot.web.embedded.tomcat.TomcatWebServer - Tomcat initialized with port(s): 8080 (http)
2024-12-20 13:58:13-953 [main] INFO  org.apache.coyote.http11.Http11NioProtocol - Initializing ProtocolHandler ["http-nio-8080"]
2024-12-20 13:58:13-954 [main] INFO  org.apache.catalina.core.StandardService - Starting service [Tomcat]
2024-12-20 13:58:13-955 [main] INFO  org.apache.catalina.core.StandardEngine - Starting Servlet engine: [Apache Tomcat/9.0.76]
2024-12-20 13:58:14-116 [main] INFO  o.a.c.core.ContainerBase.[Tomcat].[localhost].[/] - Initializing Spring embedded WebApplicationContext
2024-12-20 13:58:14-116 [main] INFO  o.s.b.w.s.c.ServletWebServerApplicationContext - Root WebApplicationContext: initialization completed in 1415 ms
2024-12-20 13:58:35-177 [main] INFO  com.alibaba.druid.pool.DruidDataSource - {dataSource-1,capricorn} inited
2024-12-20 13:58:35-179 [main] INFO  c.b.dynamic.datasource.DynamicRoutingDataSource - dynamic-datasource - add a datasource named [capricorn] success
2024-12-20 13:58:35-179 [main] INFO  c.b.dynamic.datasource.DynamicRoutingDataSource - dynamic-datasource initial loaded [1] datasource,primary datasource named [capricorn]
2024-12-20 13:58:39-058 [main] INFO  org.quartz.impl.StdSchedulerFactory - Using default implementation for ThreadExecutor
2024-12-20 13:58:39-061 [main] INFO  org.quartz.simpl.SimpleThreadPool - Job execution threads will use class loader of thread: main
2024-12-20 13:58:39-070 [main] INFO  org.quartz.core.SchedulerSignalerImpl - Initialized Scheduler Signaller of type: class org.quartz.core.SchedulerSignalerImpl
2024-12-20 13:58:39-070 [main] INFO  org.quartz.core.QuartzScheduler - Quartz Scheduler v.2.3.2 created.
2024-12-20 13:58:39-073 [main] INFO  o.s.scheduling.quartz.LocalDataSourceJobStore - Using db table-based data access locking (synchronization).
2024-12-20 13:58:39-075 [main] INFO  o.s.scheduling.quartz.LocalDataSourceJobStore - JobStoreCMT initialized.
2024-12-20 13:58:39-075 [main] INFO  org.quartz.core.QuartzScheduler - Scheduler meta-data: Quartz Scheduler (v2.3.2) 'clusteredScheduler' with instanceId 'DESKTOP-OUL2O711734674319060'
  Scheduler class: 'org.quartz.core.QuartzScheduler' - running locally.
  NOT STARTED.
  Currently in standby mode.
  Number of jobs executed: 0
  Using thread pool 'org.quartz.simpl.SimpleThreadPool' - with 10 threads.
  Using job-store 'org.springframework.scheduling.quartz.LocalDataSourceJobStore' - which supports persistence. and is clustered.

2024-12-20 13:58:39-076 [main] INFO  org.quartz.impl.StdSchedulerFactory - Quartz scheduler 'clusteredScheduler' initialized from an externally provided properties instance.
2024-12-20 13:58:39-076 [main] INFO  org.quartz.impl.StdSchedulerFactory - Quartz scheduler version: 2.3.2
2024-12-20 13:58:39-076 [main] INFO  org.quartz.core.QuartzScheduler - JobFactory set to: org.springframework.scheduling.quartz.SpringBeanJobFactory@4b3ad7ca
2024-12-20 13:58:39-378 [main] INFO  o.s.b.a.web.servlet.WelcomePageHandlerMapping - Adding welcome page template: index
2024-12-20 13:58:39-784 [main] INFO  org.apache.coyote.http11.Http11NioProtocol - Starting ProtocolHandler ["http-nio-8080"]
2024-12-20 13:58:39-804 [main] INFO  o.s.boot.web.embedded.tomcat.TomcatWebServer - Tomcat started on port(s): 8080 (http) with context path ''
2024-12-20 13:58:39-805 [main] INFO  o.s.scheduling.quartz.SchedulerFactoryBean - Starting Quartz Scheduler now
2024-12-20 13:58:40-388 [main] INFO  org.quartz.core.QuartzScheduler - Scheduler clusteredScheduler_$_DESKTOP-OUL2O711734674319060 started.
2024-12-20 13:58:40-399 [main] INFO  com.capricorn.summer.SummerApplication - Started SummerApplication in 28.185 seconds (JVM running for 28.709)
2024-12-20 14:47:44-124 [SpringApplicationShutdownHook] INFO  org.quartz.core.QuartzScheduler - Scheduler clusteredScheduler_$_DESKTOP-OUL2O711734674319060 paused.
2024-12-20 14:47:44-213 [SpringApplicationShutdownHook] INFO  o.s.scheduling.quartz.SchedulerFactoryBean - Shutting down Quartz Scheduler
2024-12-20 14:47:44-213 [SpringApplicationShutdownHook] INFO  org.quartz.core.QuartzScheduler - Scheduler clusteredScheduler_$_DESKTOP-OUL2O711734674319060 shutting down.
2024-12-20 14:47:44-213 [SpringApplicationShutdownHook] INFO  org.quartz.core.QuartzScheduler - Scheduler clusteredScheduler_$_DESKTOP-OUL2O711734674319060 paused.
2024-12-20 14:47:44-213 [SpringApplicationShutdownHook] INFO  org.quartz.core.QuartzScheduler - Scheduler clusteredScheduler_$_DESKTOP-OUL2O711734674319060 shutdown complete.
2024-12-20 14:47:44-214 [SpringApplicationShutdownHook] INFO  c.b.dynamic.datasource.DynamicRoutingDataSource - dynamic-datasource start closing ....
2024-12-20 14:47:46-058 [SpringApplicationShutdownHook] INFO  com.alibaba.druid.pool.DruidDataSource - {dataSource-1} closed
2024-12-20 14:47:46-058 [SpringApplicationShutdownHook] INFO  c.b.dynamic.datasource.DynamicRoutingDataSource - dynamic-datasource all closed success,bye
