2024-12-19 14:47:34-466 [main] INFO  com.capricorn.summer.SummerApplication - Starting SummerApplication using Java 1.8.0_321 on DESKTOP-OUL2O71 with PID 2712 (D:\summer-parent\summer\target\classes started by Lenovo in D:\summer-parent)
2024-12-19 14:47:34-469 [main] INFO  com.capricorn.summer.SummerApplication - The following 2 profiles are active: "mail", "fund"
2024-12-19 14:47:35-361 [main] INFO  o.s.d.r.config.RepositoryConfigurationDelegate - Multiple Spring Data modules found, entering strict repository configuration mode
2024-12-19 14:47:35-363 [main] INFO  o.s.d.r.config.RepositoryConfigurationDelegate - Bootstrapping Spring Data Redis repositories in DEFAULT mode.
2024-12-19 14:47:35-379 [main] INFO  o.s.d.r.config.RepositoryConfigurationDelegate - Finished Spring Data repository scanning in 4 ms. Found 0 Redis repository interfaces.
2024-12-19 14:47:35-600 [main] INFO  o.s.c.s.PostProcessorRegistrationDelegate$BeanPostProcessorChecker - Bean 'spring.datasource.dynamic-com.baomidou.dynamic.datasource.spring.boot.autoconfigure.DynamicDataSourceProperties' of type [com.baomidou.dynamic.datasource.spring.boot.autoconfigure.DynamicDataSourceProperties] is not eligible for getting processed by all BeanPostProcessors (for example: not eligible for auto-proxying)
2024-12-19 14:47:35-603 [main] INFO  o.s.c.s.PostProcessorRegistrationDelegate$BeanPostProcessorChecker - Bean 'com.baomidou.dynamic.datasource.spring.boot.autoconfigure.DynamicDataSourceAutoConfiguration' of type [com.baomidou.dynamic.datasource.spring.boot.autoconfigure.DynamicDataSourceAutoConfiguration$$EnhancerBySpringCGLIB$$6029fa8c] is not eligible for getting processed by all BeanPostProcessors (for example: not eligible for auto-proxying)
2024-12-19 14:47:35-613 [main] INFO  o.s.c.s.PostProcessorRegistrationDelegate$BeanPostProcessorChecker - Bean 'dsProcessor' of type [com.baomidou.dynamic.datasource.processor.DsHeaderProcessor] is not eligible for getting processed by all BeanPostProcessors (for example: not eligible for auto-proxying)
2024-12-19 14:47:35-780 [main] INFO  o.s.boot.web.embedded.tomcat.TomcatWebServer - Tomcat initialized with port(s): 8080 (http)
2024-12-19 14:47:35-785 [main] INFO  org.apache.coyote.http11.Http11NioProtocol - Initializing ProtocolHandler ["http-nio-8080"]
2024-12-19 14:47:35-786 [main] INFO  org.apache.catalina.core.StandardService - Starting service [Tomcat]
2024-12-19 14:47:35-787 [main] INFO  org.apache.catalina.core.StandardEngine - Starting Servlet engine: [Apache Tomcat/9.0.76]
2024-12-19 14:47:35-977 [main] INFO  o.a.c.core.ContainerBase.[Tomcat].[localhost].[/] - Initializing Spring embedded WebApplicationContext
2024-12-19 14:47:35-977 [main] INFO  o.s.b.w.s.c.ServletWebServerApplicationContext - Root WebApplicationContext: initialization completed in 1477 ms
2024-12-19 14:47:53-773 [main] INFO  com.alibaba.druid.pool.DruidDataSource - {dataSource-1,capricorn} inited
2024-12-19 14:47:53-773 [main] INFO  c.b.dynamic.datasource.DynamicRoutingDataSource - dynamic-datasource - add a datasource named [capricorn] success
2024-12-19 14:47:53-774 [main] INFO  c.b.dynamic.datasource.DynamicRoutingDataSource - dynamic-datasource initial loaded [1] datasource,primary datasource named [capricorn]
2024-12-19 14:47:58-394 [main] INFO  org.quartz.impl.StdSchedulerFactory - Using default implementation for ThreadExecutor
2024-12-19 14:47:58-396 [main] INFO  org.quartz.simpl.SimpleThreadPool - Job execution threads will use class loader of thread: main
2024-12-19 14:47:58-400 [main] INFO  org.quartz.core.SchedulerSignalerImpl - Initialized Scheduler Signaller of type: class org.quartz.core.SchedulerSignalerImpl
2024-12-19 14:47:58-400 [main] INFO  org.quartz.core.QuartzScheduler - Quartz Scheduler v.2.3.2 created.
2024-12-19 14:47:58-402 [main] INFO  o.s.scheduling.quartz.LocalDataSourceJobStore - Using db table-based data access locking (synchronization).
2024-12-19 14:47:58-403 [main] INFO  o.s.scheduling.quartz.LocalDataSourceJobStore - JobStoreCMT initialized.
2024-12-19 14:47:58-403 [main] INFO  org.quartz.core.QuartzScheduler - Scheduler meta-data: Quartz Scheduler (v2.3.2) 'clusteredScheduler' with instanceId 'DESKTOP-OUL2O711734590878395'
  Scheduler class: 'org.quartz.core.QuartzScheduler' - running locally.
  NOT STARTED.
  Currently in standby mode.
  Number of jobs executed: 0
  Using thread pool 'org.quartz.simpl.SimpleThreadPool' - with 10 threads.
  Using job-store 'org.springframework.scheduling.quartz.LocalDataSourceJobStore' - which supports persistence. and is clustered.

2024-12-19 14:47:58-404 [main] INFO  org.quartz.impl.StdSchedulerFactory - Quartz scheduler 'clusteredScheduler' initialized from an externally provided properties instance.
2024-12-19 14:47:58-404 [main] INFO  org.quartz.impl.StdSchedulerFactory - Quartz scheduler version: 2.3.2
2024-12-19 14:47:58-404 [main] INFO  org.quartz.core.QuartzScheduler - JobFactory set to: org.springframework.scheduling.quartz.SpringBeanJobFactory@5af64ce0
2024-12-19 14:47:58-594 [main] INFO  o.s.b.a.web.servlet.WelcomePageHandlerMapping - Adding welcome page template: index
2024-12-19 14:47:58-821 [main] INFO  org.apache.coyote.http11.Http11NioProtocol - Starting ProtocolHandler ["http-nio-8080"]
2024-12-19 14:47:58-836 [main] INFO  o.s.boot.web.embedded.tomcat.TomcatWebServer - Tomcat started on port(s): 8080 (http) with context path ''
2024-12-19 14:47:58-836 [main] INFO  o.s.scheduling.quartz.SchedulerFactoryBean - Starting Quartz Scheduler now
2024-12-19 14:47:59-390 [main] INFO  org.quartz.core.QuartzScheduler - Scheduler clusteredScheduler_$_DESKTOP-OUL2O711734590878395 started.
2024-12-19 14:47:59-407 [main] INFO  com.capricorn.summer.SummerApplication - Started SummerApplication in 25.362 seconds (JVM running for 25.88)
2024-12-19 15:06:06-568 [http-nio-8080-exec-1] INFO  o.a.c.core.ContainerBase.[Tomcat].[localhost].[/] - Initializing Spring DispatcherServlet 'dispatcherServlet'
2024-12-19 15:06:06-569 [http-nio-8080-exec-1] INFO  org.springframework.web.servlet.DispatcherServlet - Initializing Servlet 'dispatcherServlet'
2024-12-19 15:06:06-570 [http-nio-8080-exec-1] INFO  org.springframework.web.servlet.DispatcherServlet - Completed initialization in 1 ms
2024-12-19 15:06:09-879 [http-nio-8080-exec-9] INFO  com.capricorn.summer.intercepters.TokenInterceptor - 请求资源：/error
2024-12-19 15:06:14-478 [http-nio-8080-exec-3] INFO  com.capricorn.summer.intercepters.TokenInterceptor - 请求资源：/error
2024-12-19 15:10:10-224 [SpringApplicationShutdownHook] INFO  org.quartz.core.QuartzScheduler - Scheduler clusteredScheduler_$_DESKTOP-OUL2O711734590878395 paused.
2024-12-19 15:10:10-286 [SpringApplicationShutdownHook] INFO  o.s.scheduling.quartz.SchedulerFactoryBean - Shutting down Quartz Scheduler
2024-12-19 15:10:10-286 [SpringApplicationShutdownHook] INFO  org.quartz.core.QuartzScheduler - Scheduler clusteredScheduler_$_DESKTOP-OUL2O711734590878395 shutting down.
2024-12-19 15:10:10-286 [SpringApplicationShutdownHook] INFO  org.quartz.core.QuartzScheduler - Scheduler clusteredScheduler_$_DESKTOP-OUL2O711734590878395 paused.
2024-12-19 15:10:10-286 [SpringApplicationShutdownHook] INFO  org.quartz.core.QuartzScheduler - Scheduler clusteredScheduler_$_DESKTOP-OUL2O711734590878395 shutdown complete.
2024-12-19 15:10:10-287 [SpringApplicationShutdownHook] INFO  c.b.dynamic.datasource.DynamicRoutingDataSource - dynamic-datasource start closing ....
2024-12-19 15:10:11-858 [SpringApplicationShutdownHook] INFO  com.alibaba.druid.pool.DruidDataSource - {dataSource-1} closed
2024-12-19 15:10:11-859 [SpringApplicationShutdownHook] INFO  c.b.dynamic.datasource.DynamicRoutingDataSource - dynamic-datasource all closed success,bye
2024-12-19 15:10:17-723 [main] INFO  com.capricorn.summer.SummerApplication - Starting SummerApplication using Java 1.8.0_321 on DESKTOP-OUL2O71 with PID 6752 (D:\summer-parent\summer\target\classes started by Lenovo in D:\summer-parent)
2024-12-19 15:10:17-724 [main] INFO  com.capricorn.summer.SummerApplication - The following 2 profiles are active: "mail", "fund"
2024-12-19 15:10:18-211 [main] INFO  o.s.d.r.config.RepositoryConfigurationDelegate - Multiple Spring Data modules found, entering strict repository configuration mode
2024-12-19 15:10:18-213 [main] INFO  o.s.d.r.config.RepositoryConfigurationDelegate - Bootstrapping Spring Data Redis repositories in DEFAULT mode.
2024-12-19 15:10:18-226 [main] INFO  o.s.d.r.config.RepositoryConfigurationDelegate - Finished Spring Data repository scanning in 5 ms. Found 0 Redis repository interfaces.
2024-12-19 15:10:18-446 [main] INFO  o.s.c.s.PostProcessorRegistrationDelegate$BeanPostProcessorChecker - Bean 'spring.datasource.dynamic-com.baomidou.dynamic.datasource.spring.boot.autoconfigure.DynamicDataSourceProperties' of type [com.baomidou.dynamic.datasource.spring.boot.autoconfigure.DynamicDataSourceProperties] is not eligible for getting processed by all BeanPostProcessors (for example: not eligible for auto-proxying)
2024-12-19 15:10:18-449 [main] INFO  o.s.c.s.PostProcessorRegistrationDelegate$BeanPostProcessorChecker - Bean 'com.baomidou.dynamic.datasource.spring.boot.autoconfigure.DynamicDataSourceAutoConfiguration' of type [com.baomidou.dynamic.datasource.spring.boot.autoconfigure.DynamicDataSourceAutoConfiguration$$EnhancerBySpringCGLIB$$c36ff55] is not eligible for getting processed by all BeanPostProcessors (for example: not eligible for auto-proxying)
2024-12-19 15:10:18-461 [main] INFO  o.s.c.s.PostProcessorRegistrationDelegate$BeanPostProcessorChecker - Bean 'dsProcessor' of type [com.baomidou.dynamic.datasource.processor.DsHeaderProcessor] is not eligible for getting processed by all BeanPostProcessors (for example: not eligible for auto-proxying)
2024-12-19 15:10:18-632 [main] INFO  o.s.boot.web.embedded.tomcat.TomcatWebServer - Tomcat initialized with port(s): 8080 (http)
2024-12-19 15:10:18-638 [main] INFO  org.apache.coyote.http11.Http11NioProtocol - Initializing ProtocolHandler ["http-nio-8080"]
2024-12-19 15:10:18-640 [main] INFO  org.apache.catalina.core.StandardService - Starting service [Tomcat]
2024-12-19 15:10:18-640 [main] INFO  org.apache.catalina.core.StandardEngine - Starting Servlet engine: [Apache Tomcat/9.0.76]
2024-12-19 15:10:18-773 [main] INFO  o.a.c.core.ContainerBase.[Tomcat].[localhost].[/] - Initializing Spring embedded WebApplicationContext
2024-12-19 15:10:18-774 [main] INFO  o.s.b.w.s.c.ServletWebServerApplicationContext - Root WebApplicationContext: initialization completed in 1021 ms
2024-12-19 15:10:35-818 [main] INFO  com.alibaba.druid.pool.DruidDataSource - {dataSource-1,capricorn} inited
2024-12-19 15:10:35-820 [main] INFO  c.b.dynamic.datasource.DynamicRoutingDataSource - dynamic-datasource - add a datasource named [capricorn] success
2024-12-19 15:10:35-820 [main] INFO  c.b.dynamic.datasource.DynamicRoutingDataSource - dynamic-datasource initial loaded [1] datasource,primary datasource named [capricorn]
2024-12-19 15:10:39-480 [main] INFO  org.quartz.impl.StdSchedulerFactory - Using default implementation for ThreadExecutor
2024-12-19 15:10:39-481 [main] INFO  org.quartz.simpl.SimpleThreadPool - Job execution threads will use class loader of thread: main
2024-12-19 15:10:39-487 [main] INFO  org.quartz.core.SchedulerSignalerImpl - Initialized Scheduler Signaller of type: class org.quartz.core.SchedulerSignalerImpl
2024-12-19 15:10:39-487 [main] INFO  org.quartz.core.QuartzScheduler - Quartz Scheduler v.2.3.2 created.
2024-12-19 15:10:39-489 [main] INFO  o.s.scheduling.quartz.LocalDataSourceJobStore - Using db table-based data access locking (synchronization).
2024-12-19 15:10:39-491 [main] INFO  o.s.scheduling.quartz.LocalDataSourceJobStore - JobStoreCMT initialized.
2024-12-19 15:10:39-492 [main] INFO  org.quartz.core.QuartzScheduler - Scheduler meta-data: Quartz Scheduler (v2.3.2) 'clusteredScheduler' with instanceId 'DESKTOP-OUL2O711734592239481'
  Scheduler class: 'org.quartz.core.QuartzScheduler' - running locally.
  NOT STARTED.
  Currently in standby mode.
  Number of jobs executed: 0
  Using thread pool 'org.quartz.simpl.SimpleThreadPool' - with 10 threads.
  Using job-store 'org.springframework.scheduling.quartz.LocalDataSourceJobStore' - which supports persistence. and is clustered.

2024-12-19 15:10:39-492 [main] INFO  org.quartz.impl.StdSchedulerFactory - Quartz scheduler 'clusteredScheduler' initialized from an externally provided properties instance.
2024-12-19 15:10:39-492 [main] INFO  org.quartz.impl.StdSchedulerFactory - Quartz scheduler version: 2.3.2
2024-12-19 15:10:39-492 [main] INFO  org.quartz.core.QuartzScheduler - JobFactory set to: org.springframework.scheduling.quartz.SpringBeanJobFactory@29fcfc54
2024-12-19 15:10:39-681 [main] INFO  o.s.b.a.web.servlet.WelcomePageHandlerMapping - Adding welcome page template: index
2024-12-19 15:10:39-961 [main] INFO  org.apache.coyote.http11.Http11NioProtocol - Starting ProtocolHandler ["http-nio-8080"]
2024-12-19 15:10:39-981 [main] INFO  o.s.boot.web.embedded.tomcat.TomcatWebServer - Tomcat started on port(s): 8080 (http) with context path ''
2024-12-19 15:10:39-982 [main] INFO  o.s.scheduling.quartz.SchedulerFactoryBean - Starting Quartz Scheduler now
2024-12-19 15:10:40-437 [main] INFO  org.quartz.core.QuartzScheduler - Scheduler clusteredScheduler_$_DESKTOP-OUL2O711734592239481 started.
2024-12-19 15:10:40-448 [main] INFO  com.capricorn.summer.SummerApplication - Started SummerApplication in 23.103 seconds (JVM running for 23.72)
2024-12-19 15:10:45-252 [http-nio-8080-exec-3] INFO  o.a.c.core.ContainerBase.[Tomcat].[localhost].[/] - Initializing Spring DispatcherServlet 'dispatcherServlet'
2024-12-19 15:10:45-253 [http-nio-8080-exec-3] INFO  org.springframework.web.servlet.DispatcherServlet - Initializing Servlet 'dispatcherServlet'
2024-12-19 15:10:45-254 [http-nio-8080-exec-3] INFO  org.springframework.web.servlet.DispatcherServlet - Completed initialization in 1 ms
2024-12-19 15:10:48-074 [http-nio-8080-exec-3] INFO  com.capricorn.summer.intercepters.TokenInterceptor - 请求资源：/error
2024-12-19 15:12:49-440 [http-nio-8080-exec-7] INFO  com.capricorn.summer.intercepters.TokenInterceptor - 请求资源：/error
2024-12-19 15:12:58-447 [http-nio-8080-exec-1] INFO  com.capricorn.summer.intercepters.TokenInterceptor - 请求资源：/error
2024-12-19 15:13:19-089 [SpringApplicationShutdownHook] INFO  org.quartz.core.QuartzScheduler - Scheduler clusteredScheduler_$_DESKTOP-OUL2O711734592239481 paused.
2024-12-19 15:13:19-173 [SpringApplicationShutdownHook] INFO  o.s.scheduling.quartz.SchedulerFactoryBean - Shutting down Quartz Scheduler
2024-12-19 15:13:19-173 [SpringApplicationShutdownHook] INFO  org.quartz.core.QuartzScheduler - Scheduler clusteredScheduler_$_DESKTOP-OUL2O711734592239481 shutting down.
2024-12-19 15:13:19-173 [SpringApplicationShutdownHook] INFO  org.quartz.core.QuartzScheduler - Scheduler clusteredScheduler_$_DESKTOP-OUL2O711734592239481 paused.
2024-12-19 15:13:19-173 [SpringApplicationShutdownHook] INFO  org.quartz.core.QuartzScheduler - Scheduler clusteredScheduler_$_DESKTOP-OUL2O711734592239481 shutdown complete.
2024-12-19 15:13:19-174 [SpringApplicationShutdownHook] INFO  c.b.dynamic.datasource.DynamicRoutingDataSource - dynamic-datasource start closing ....
2024-12-19 15:13:20-843 [SpringApplicationShutdownHook] INFO  com.alibaba.druid.pool.DruidDataSource - {dataSource-1} closed
2024-12-19 15:13:20-843 [SpringApplicationShutdownHook] INFO  c.b.dynamic.datasource.DynamicRoutingDataSource - dynamic-datasource all closed success,bye
2024-12-19 15:13:43-117 [main] INFO  com.capricorn.summer.SummerApplication - Starting SummerApplication using Java 1.8.0_321 on DESKTOP-OUL2O71 with PID 18336 (D:\summer-parent\summer\target\classes started by Lenovo in D:\summer-parent)
2024-12-19 15:13:43-117 [main] INFO  com.capricorn.summer.SummerApplication - The following 2 profiles are active: "mail", "fund"
2024-12-19 15:13:43-829 [main] INFO  o.s.d.r.config.RepositoryConfigurationDelegate - Multiple Spring Data modules found, entering strict repository configuration mode
2024-12-19 15:13:43-831 [main] INFO  o.s.d.r.config.RepositoryConfigurationDelegate - Bootstrapping Spring Data Redis repositories in DEFAULT mode.
2024-12-19 15:13:43-845 [main] INFO  o.s.d.r.config.RepositoryConfigurationDelegate - Finished Spring Data repository scanning in 4 ms. Found 0 Redis repository interfaces.
2024-12-19 15:13:44-070 [main] INFO  o.s.c.s.PostProcessorRegistrationDelegate$BeanPostProcessorChecker - Bean 'spring.datasource.dynamic-com.baomidou.dynamic.datasource.spring.boot.autoconfigure.DynamicDataSourceProperties' of type [com.baomidou.dynamic.datasource.spring.boot.autoconfigure.DynamicDataSourceProperties] is not eligible for getting processed by all BeanPostProcessors (for example: not eligible for auto-proxying)
2024-12-19 15:13:44-072 [main] INFO  o.s.c.s.PostProcessorRegistrationDelegate$BeanPostProcessorChecker - Bean 'com.baomidou.dynamic.datasource.spring.boot.autoconfigure.DynamicDataSourceAutoConfiguration' of type [com.baomidou.dynamic.datasource.spring.boot.autoconfigure.DynamicDataSourceAutoConfiguration$$EnhancerBySpringCGLIB$$8afbf3d8] is not eligible for getting processed by all BeanPostProcessors (for example: not eligible for auto-proxying)
2024-12-19 15:13:44-083 [main] INFO  o.s.c.s.PostProcessorRegistrationDelegate$BeanPostProcessorChecker - Bean 'dsProcessor' of type [com.baomidou.dynamic.datasource.processor.DsHeaderProcessor] is not eligible for getting processed by all BeanPostProcessors (for example: not eligible for auto-proxying)
2024-12-19 15:13:44-247 [main] INFO  o.s.boot.web.embedded.tomcat.TomcatWebServer - Tomcat initialized with port(s): 8080 (http)
2024-12-19 15:13:44-253 [main] INFO  org.apache.coyote.http11.Http11NioProtocol - Initializing ProtocolHandler ["http-nio-8080"]
2024-12-19 15:13:44-254 [main] INFO  org.apache.catalina.core.StandardService - Starting service [Tomcat]
2024-12-19 15:13:44-254 [main] INFO  org.apache.catalina.core.StandardEngine - Starting Servlet engine: [Apache Tomcat/9.0.76]
2024-12-19 15:13:44-369 [main] INFO  o.a.c.core.ContainerBase.[Tomcat].[localhost].[/] - Initializing Spring embedded WebApplicationContext
2024-12-19 15:13:44-369 [main] INFO  o.s.b.w.s.c.ServletWebServerApplicationContext - Root WebApplicationContext: initialization completed in 1223 ms
2024-12-19 15:14:01-496 [main] INFO  com.alibaba.druid.pool.DruidDataSource - {dataSource-1,capricorn} inited
2024-12-19 15:14:01-498 [main] INFO  c.b.dynamic.datasource.DynamicRoutingDataSource - dynamic-datasource - add a datasource named [capricorn] success
2024-12-19 15:14:01-498 [main] INFO  c.b.dynamic.datasource.DynamicRoutingDataSource - dynamic-datasource initial loaded [1] datasource,primary datasource named [capricorn]
2024-12-19 15:14:05-207 [main] INFO  org.quartz.impl.StdSchedulerFactory - Using default implementation for ThreadExecutor
2024-12-19 15:14:05-208 [main] INFO  org.quartz.simpl.SimpleThreadPool - Job execution threads will use class loader of thread: main
2024-12-19 15:14:05-214 [main] INFO  org.quartz.core.SchedulerSignalerImpl - Initialized Scheduler Signaller of type: class org.quartz.core.SchedulerSignalerImpl
2024-12-19 15:14:05-215 [main] INFO  org.quartz.core.QuartzScheduler - Quartz Scheduler v.2.3.2 created.
2024-12-19 15:14:05-217 [main] INFO  o.s.scheduling.quartz.LocalDataSourceJobStore - Using db table-based data access locking (synchronization).
2024-12-19 15:14:05-219 [main] INFO  o.s.scheduling.quartz.LocalDataSourceJobStore - JobStoreCMT initialized.
2024-12-19 15:14:05-219 [main] INFO  org.quartz.core.QuartzScheduler - Scheduler meta-data: Quartz Scheduler (v2.3.2) 'clusteredScheduler' with instanceId 'DESKTOP-OUL2O711734592445208'
  Scheduler class: 'org.quartz.core.QuartzScheduler' - running locally.
  NOT STARTED.
  Currently in standby mode.
  Number of jobs executed: 0
  Using thread pool 'org.quartz.simpl.SimpleThreadPool' - with 10 threads.
  Using job-store 'org.springframework.scheduling.quartz.LocalDataSourceJobStore' - which supports persistence. and is clustered.

2024-12-19 15:14:05-219 [main] INFO  org.quartz.impl.StdSchedulerFactory - Quartz scheduler 'clusteredScheduler' initialized from an externally provided properties instance.
2024-12-19 15:14:05-219 [main] INFO  org.quartz.impl.StdSchedulerFactory - Quartz scheduler version: 2.3.2
2024-12-19 15:14:05-219 [main] INFO  org.quartz.core.QuartzScheduler - JobFactory set to: org.springframework.scheduling.quartz.SpringBeanJobFactory@10b67f54
2024-12-19 15:14:05-409 [main] INFO  o.s.b.a.web.servlet.WelcomePageHandlerMapping - Adding welcome page template: index
2024-12-19 15:14:05-746 [main] INFO  org.apache.coyote.http11.Http11NioProtocol - Starting ProtocolHandler ["http-nio-8080"]
2024-12-19 15:14:05-769 [main] INFO  o.s.boot.web.embedded.tomcat.TomcatWebServer - Tomcat started on port(s): 8080 (http) with context path ''
2024-12-19 15:14:05-770 [main] INFO  o.s.scheduling.quartz.SchedulerFactoryBean - Starting Quartz Scheduler now
2024-12-19 15:14:06-259 [main] INFO  org.quartz.core.QuartzScheduler - Scheduler clusteredScheduler_$_DESKTOP-OUL2O711734592445208 started.
2024-12-19 15:14:06-267 [main] INFO  com.capricorn.summer.SummerApplication - Started SummerApplication in 23.505 seconds (JVM running for 24.201)
2024-12-19 15:14:09-600 [http-nio-8080-exec-1] INFO  o.a.c.core.ContainerBase.[Tomcat].[localhost].[/] - Initializing Spring DispatcherServlet 'dispatcherServlet'
2024-12-19 15:14:09-600 [http-nio-8080-exec-1] INFO  org.springframework.web.servlet.DispatcherServlet - Initializing Servlet 'dispatcherServlet'
2024-12-19 15:14:09-600 [http-nio-8080-exec-1] INFO  org.springframework.web.servlet.DispatcherServlet - Completed initialization in 0 ms
2024-12-19 15:14:12-385 [http-nio-8080-exec-1] INFO  com.capricorn.summer.intercepters.TokenInterceptor - 请求资源：/error
2024-12-19 15:23:25-694 [http-nio-8080-exec-2] INFO  com.capricorn.summer.intercepters.TokenInterceptor - 请求资源：/error
2024-12-19 15:23:30-304 [http-nio-8080-exec-3] INFO  com.capricorn.summer.intercepters.TokenInterceptor - 请求资源：/error
2024-12-19 15:23:34-935 [http-nio-8080-exec-4] INFO  com.capricorn.summer.intercepters.TokenInterceptor - 请求资源：/error
2024-12-19 15:28:57-227 [http-nio-8080-exec-7] INFO  c.c.summer.service.Impl.LoginRelationServiceImpl - 用户visitors不存在！
2024-12-19 15:30:57-677 [http-nio-8080-exec-1] INFO  c.c.summer.service.Impl.LoginRelationServiceImpl - 用户visitors登录成功。
2024-12-19 15:30:57-867 [http-nio-8080-exec-3] INFO  com.capricorn.summer.intercepters.TokenInterceptor - 请求资源：/permission/sinbuc
2024-12-19 15:31:17-873 [http-nio-8080-exec-8] INFO  com.capricorn.summer.intercepters.TokenInterceptor - 请求资源：/fund/queryHoldingFundList
2024-12-19 15:31:19-069 [http-nio-8080-exec-9] INFO  com.capricorn.summer.intercepters.TokenInterceptor - 请求资源：/fund/queryCollectList
2024-12-19 15:31:21-116 [http-nio-8080-exec-2] INFO  com.capricorn.summer.intercepters.TokenInterceptor - 请求资源：/fund/queryHoldingFundList
2024-12-19 15:31:38-539 [http-nio-8080-exec-2] INFO  com.capricorn.summer.intercepters.TokenInterceptor - 请求资源：/videoParsing/queryParameterList
2024-12-19 15:31:55-040 [http-nio-8080-exec-1] INFO  com.capricorn.summer.intercepters.TokenInterceptor - 请求资源：/fund/queryCollectList
2024-12-19 15:31:55-616 [http-nio-8080-exec-8] INFO  com.capricorn.summer.intercepters.TokenInterceptor - 请求资源：/fund/queryHoldingFundList
2024-12-19 15:31:56-252 [http-nio-8080-exec-4] INFO  com.capricorn.summer.intercepters.TokenInterceptor - 请求资源：/videoParsing/queryParameterList
2024-12-19 20:08:11-905 [lettuce-nioEventLoop-4-9] INFO  io.lettuce.core.protocol.CommandHandler - null Unexpected exception during request: java.io.IOException: 远程主机强迫关闭了一个现有的连接。
java.io.IOException: 远程主机强迫关闭了一个现有的连接。
	at sun.nio.ch.SocketDispatcher.read0(Native Method)
	at sun.nio.ch.SocketDispatcher.read(SocketDispatcher.java:43)
	at sun.nio.ch.IOUtil.readIntoNativeBuffer(IOUtil.java:223)
	at sun.nio.ch.IOUtil.read(IOUtil.java:192)
	at sun.nio.ch.SocketChannelImpl.read(SocketChannelImpl.java:378)
	at io.netty.buffer.PooledByteBuf.setBytes(PooledByteBuf.java:259)
	at io.netty.buffer.AbstractByteBuf.writeBytes(AbstractByteBuf.java:1132)
	at io.netty.channel.socket.nio.NioSocketChannel.doReadBytes(NioSocketChannel.java:357)
	at io.netty.channel.nio.AbstractNioByteChannel$NioByteUnsafe.read(AbstractNioByteChannel.java:151)
	at io.netty.channel.nio.NioEventLoop.processSelectedKey(NioEventLoop.java:788)
	at io.netty.channel.nio.NioEventLoop.processSelectedKeysOptimized(NioEventLoop.java:724)
	at io.netty.channel.nio.NioEventLoop.processSelectedKeys(NioEventLoop.java:650)
	at io.netty.channel.nio.NioEventLoop.run(NioEventLoop.java:562)
	at io.netty.util.concurrent.SingleThreadEventExecutor$4.run(SingleThreadEventExecutor.java:997)
	at io.netty.util.internal.ThreadExecutorMap$2.run(ThreadExecutorMap.java:74)
	at io.netty.util.concurrent.FastThreadLocalRunnable.run(FastThreadLocalRunnable.java:30)
	at java.lang.Thread.run(Thread.java:750)
2024-12-19 20:08:11-972 [lettuce-eventExecutorLoop-1-6] INFO  io.lettuce.core.protocol.ConnectionWatchdog - Reconnecting, last destination was /111.229.184.145:6379
2024-12-19 20:08:21-072 [lettuce-eventExecutorLoop-1-6] INFO  io.lettuce.core.protocol.ConnectionWatchdog - Reconnecting, last destination was 111.229.184.145:6379
2024-12-19 20:08:39-271 [lettuce-eventExecutorLoop-1-8] INFO  io.lettuce.core.protocol.ConnectionWatchdog - Reconnecting, last destination was 111.229.184.145:6379
2024-12-19 20:08:46-363 [lettuce-nioEventLoop-4-11] INFO  io.lettuce.core.protocol.ReconnectionHandler - Reconnected to 111.229.184.145:6379
2024-12-19 20:24:10-935 [SpringApplicationShutdownHook] INFO  org.quartz.core.QuartzScheduler - Scheduler clusteredScheduler_$_DESKTOP-OUL2O711734592445208 paused.
2024-12-19 20:24:11-033 [SpringApplicationShutdownHook] INFO  o.s.scheduling.quartz.SchedulerFactoryBean - Shutting down Quartz Scheduler
2024-12-19 20:24:11-033 [SpringApplicationShutdownHook] INFO  org.quartz.core.QuartzScheduler - Scheduler clusteredScheduler_$_DESKTOP-OUL2O711734592445208 shutting down.
2024-12-19 20:24:11-033 [SpringApplicationShutdownHook] INFO  org.quartz.core.QuartzScheduler - Scheduler clusteredScheduler_$_DESKTOP-OUL2O711734592445208 paused.
2024-12-19 20:24:11-034 [SpringApplicationShutdownHook] INFO  org.quartz.core.QuartzScheduler - Scheduler clusteredScheduler_$_DESKTOP-OUL2O711734592445208 shutdown complete.
2024-12-19 20:24:11-035 [SpringApplicationShutdownHook] INFO  c.b.dynamic.datasource.DynamicRoutingDataSource - dynamic-datasource start closing ....
2024-12-19 20:24:11-120 [SpringApplicationShutdownHook] INFO  com.alibaba.druid.pool.DruidDataSource - {dataSource-1} closed
2024-12-19 20:24:11-121 [SpringApplicationShutdownHook] INFO  c.b.dynamic.datasource.DynamicRoutingDataSource - dynamic-datasource all closed success,bye
